<?xml version="1.0" encoding="UTF-8"?>
<testsuite xmlns:xsi="http://www.w3.org/2001/XMLSchema-instance" xsi:noNamespaceSchemaLocation="https://maven.apache.org/surefire/maven-surefire-plugin/xsd/surefire-test-report.xsd" name="fr.uvsq.cprog.collex.exo1.DnsTest" time="0.028" tests="3" errors="0" skipped="0" failures="0">
  <properties>
[...]
</properties>
  <testcase name="TestGetItem2" classname="fr.uvsq.cprog.collex.exo1.DnsTest" time="0.002"/>
  <testcase name="TestGetItems" classname="fr.uvsq.cprog.collex.exo1.DnsTest" time="0"/>
  <testcase name="TestGetItem" classname="fr.uvsq.cprog.collex.exo1.DnsTest" time="0"/>
</testsuite>